[2022-05-29 14:55:15.918] [modengine] [info] ModEngine version 2.0.0-preview3-2144572dce7257d2cc477db78036e70dcd136b5a initializing for Elden Ring
[2022-05-29 14:55:15.919] [modengine] [info] Local settings loaded: true, Global settings loaded: false
[2022-05-29 14:55:15.919] [modengine] [info] Main thread ID: 15056
[2022-05-29 14:55:15.920] [modengine] [info] Enabling extension base
[2022-05-29 14:55:15.920] [modengine] [info] Enabled extension base
[2022-05-29 14:55:15.920] [modengine] [info] Enabling extension mod_loader
[2022-05-29 14:55:15.920] [modengine] [info] Installing mod location mod
[2022-05-29 14:55:15.920] [modengine] [info] Resolved mod path to E:\SteamLibrary\steamapps\common\ELDEN RING\Game\mods\ModEngine2\mod
[2022-05-29 14:55:15.921] [modengine] [info] Enabled extension mod_loader
[2022-05-29 14:55:15.973] [modengine] [info] Applied 3 hooks
[2022-05-29 14:55:15.974] [modengine] [info] Starting worker thread
[2022-05-29 14:55:16.107] [modengine] [info] Destroying
[2022-05-29 14:55:16.107] [modengine] [info] Destroying
[2022-05-29 14:55:16.107] [modengine] [info] Destroying
[2022-05-29 14:55:16.107] [modengine] [info] Destroying
[2022-05-29 14:55:16.107] [modengine] [info] Destroying
[2022-05-29 14:55:16.107] [modengine] [info] Destroying
[2022-05-29 14:55:16.107] [modengine] [info] Destroying
[2022-05-29 14:55:16.107] [modengine] [info] Destroying
[2022-05-29 14:55:16.107] [modengine] [info] Destroying
[2022-05-29 14:55:16.107] [modengine] [info] Destroying
[2022-05-29 14:55:52.314] [modengine] [info] ModEngine version 2.0.0-preview3-2144572dce7257d2cc477db78036e70dcd136b5a initializing for Elden Ring
[2022-05-29 14:55:52.314] [modengine] [info] Local settings loaded: true, Global settings loaded: false
[2022-05-29 14:55:52.314] [modengine] [info] Main thread ID: 29868
[2022-05-29 14:55:52.315] [modengine] [info] Enabling extension base
[2022-05-29 14:55:52.315] [modengine] [info] Enabled extension base
[2022-05-29 14:55:52.315] [modengine] [info] Enabling extension mod_loader
[2022-05-29 14:55:52.315] [modengine] [info] Installing mod location mod
[2022-05-29 14:55:52.315] [modengine] [info] Resolved mod path to E:\SteamLibrary\steamapps\common\ELDEN RING\Game\mods\ModEngine2\mod
[2022-05-29 14:55:52.315] [modengine] [info] Enabled extension mod_loader
[2022-05-29 14:55:52.365] [modengine] [info] Applied 3 hooks
[2022-05-29 14:55:52.365] [modengine] [info] Starting worker thread
[2022-05-29 14:59:30.785] [modengine] [info] Destroying
[2022-05-29 14:59:30.785] [modengine] [info] Destroying
[2022-05-29 14:59:30.785] [modengine] [info] Destroying
[2022-05-29 14:59:30.785] [modengine] [info] Destroying
[2022-05-29 14:59:30.785] [modengine] [info] Destroying
[2022-05-29 14:59:30.785] [modengine] [info] Destroying
[2022-05-29 14:59:30.785] [modengine] [info] Destroying
[2022-05-29 14:59:30.785] [modengine] [info] Destroying
[2022-05-29 14:59:30.785] [modengine] [info] Destroying
[2022-05-29 14:59:30.785] [modengine] [info] Destroying
